Performing C SOURCE FILE Test CMAKE_HAVE_LIBC_PTHREAD failed with the following output:
Change Dir: /home/maybe/ros_ws/src/offboard_pkg/cmake-build-debug/CMakeFiles/CMakeTmp

Run Build Command(s):/usr/bin/make cmTC_bd8de/fast && /usr/bin/make -f CMakeFiles/cmTC_bd8de.dir/build.make CMakeFiles/cmTC_bd8de.dir/build
make[1]: Entering directory '/home/maybe/ros_ws/src/offboard_pkg/cmake-build-debug/CMakeFiles/CMakeTmp'
Building C object CMakeFiles/cmTC_bd8de.dir/src.c.o
/usr/bin/cc   -DCMAKE_HAVE_LIBC_PTHREAD   -o CMakeFiles/cmTC_bd8de.dir/src.c.o   -c /home/maybe/ros_ws/src/offboard_pkg/cmake-build-debug/CMakeFiles/CMakeTmp/src.c
Linking C executable cmTC_bd8de
/home/maybe/Downloads/clion-2019.2.5/bin/cmake/linux/bin/cmake -E cmake_link_script CMakeFiles/cmTC_bd8de.dir/link.txt --verbose=1
/usr/bin/cc  -DCMAKE_HAVE_LIBC_PTHREAD    -rdynamic CMakeFiles/cmTC_bd8de.dir/src.c.o  -o cmTC_bd8de 
CMakeFiles/cmTC_bd8de.dir/src.c.o: In function `main':
src.c:(.text+0x3c): undefined reference to `pthread_create'
src.c:(.text+0x48): undefined reference to `pthread_detach'
src.c:(.text+0x59): undefined reference to `pthread_join'
src.c:(.text+0x6d): undefined reference to `pthread_atfork'
collect2: error: ld returned 1 exit status
CMakeFiles/cmTC_bd8de.dir/build.make:86: recipe for target 'cmTC_bd8de' failed
make[1]: *** [cmTC_bd8de] Error 1
make[1]: Leaving directory '/home/maybe/ros_ws/src/offboard_pkg/cmake-build-debug/CMakeFiles/CMakeTmp'
Makefile:121: recipe for target 'cmTC_bd8de/fast' failed
make: *** [cmTC_bd8de/fast] Error 2


Source file was:
#include <pthread.h>

void* test_func(void* data)
{
  return data;
}

int main(void)
{
  pthread_t thread;
  pthread_create(&thread, NULL, test_func, NULL);
  pthread_detach(thread);
  pthread_join(thread, NULL);
  pthread_atfork(NULL, NULL, NULL);
  pthread_exit(NULL);

  return 0;
}

Determining if the function pthread_create exists in the pthreads failed with the following output:
Change Dir: /home/maybe/ros_ws/src/offboard_pkg/cmake-build-debug/CMakeFiles/CMakeTmp

Run Build Command(s):/usr/bin/make cmTC_2f2f2/fast && /usr/bin/make -f CMakeFiles/cmTC_2f2f2.dir/build.make CMakeFiles/cmTC_2f2f2.dir/build
make[1]: Entering directory '/home/maybe/ros_ws/src/offboard_pkg/cmake-build-debug/CMakeFiles/CMakeTmp'
Building C object CMakeFiles/cmTC_2f2f2.dir/CheckFunctionExists.c.o
/usr/bin/cc   -DCHECK_FUNCTION_EXISTS=pthread_create   -o CMakeFiles/cmTC_2f2f2.dir/CheckFunctionExists.c.o   -c /home/maybe/Downloads/clion-2019.2.5/bin/cmake/linux/share/cmake-3.15/Modules/CheckFunctionExists.c
Linking C executable cmTC_2f2f2
/home/maybe/Downloads/clion-2019.2.5/bin/cmake/linux/bin/cmake -E cmake_link_script CMakeFiles/cmTC_2f2f2.dir/link.txt --verbose=1
/usr/bin/cc  -DCHECK_FUNCTION_EXISTS=pthread_create    -rdynamic CMakeFiles/cmTC_2f2f2.dir/CheckFunctionExists.c.o  -o cmTC_2f2f2 -lpthreads 
/usr/bin/ld: cannot find -lpthreads
collect2: error: ld returned 1 exit status
CMakeFiles/cmTC_2f2f2.dir/build.make:86: recipe for target 'cmTC_2f2f2' failed
make[1]: *** [cmTC_2f2f2] Error 1
make[1]: Leaving directory '/home/maybe/ros_ws/src/offboard_pkg/cmake-build-debug/CMakeFiles/CMakeTmp'
Makefile:121: recipe for target 'cmTC_2f2f2/fast' failed
make: *** [cmTC_2f2f2/fast] Error 2



