[36m--[0m Using CATKIN_DEVEL_PREFIX: /home/maybe/ros_ws/devel/.private/offboard
[36m--[0m Using CMAKE_PREFIX_PATH: /home/maybe/ros_ws/devel;/home/maybe/catkin_ws/devel;/opt/ros/kinetic
[36m--[0m This workspace overlays: /home/maybe/ros_ws/devel;/home/maybe/catkin_ws/devel;/opt/ros/kinetic
[36m--[0m Using PYTHON_EXECUTABLE: /usr/bin/python
[36m--[0m Using Debian Python package layout
[36m--[0m Using empy: /usr/bin/empy
[36m--[0m Using CATKIN_ENABLE_TESTING: ON
[36m--[0m Call enable_testing()
[36m--[0m Using CATKIN_TEST_RESULTS_DIR: /home/maybe/ros_ws/build/offboard/test_results
[36m--[0m Found gmock sources under '/usr/src/gmock': gmock will be built
[36m--[0m Found gtest sources under '/usr/src/gmock': gtests will be built
[36m--[0m Using Python nosetests: /usr/bin/nosetests-2.7
[36m--[0m catkin 0.7.18
[36m--[0m BUILD_SHARED_LIBS is on
[31m[1mCMake Error[0m at /home/maybe/ros_ws/src/offboard/CMakeLists.txt:132 (add_executable):
  add_executable cannot create target "offboard" because another target with
  the same name already exists.  The existing target is an executable created
  in source directory "/home/maybe/ros_ws/src/offboard".  See documentation
  for policy CMP0002 for more details.


[36m--[0m Configuring incomplete, errors occurred!
See also "/home/maybe/ros_ws/build/offboard/CMakeFiles/CMakeOutput.log".
See also "/home/maybe/ros_ws/build/offboard/CMakeFiles/CMakeError.log".
Makefile:796: recipe for target 'cmake_check_build_system' failed
make: *** [cmake_check_build_system] Error 1
