[ 22%] Built target offboard
[35m[1mScanning dependencies of target multi_offboard[0m
[ 33%] [32mBuilding CXX object CMakeFiles/multi_offboard.dir/src/multi_offboard.cpp.o[0m
[ 44%] [32mBuilding CXX object CMakeFiles/multi_offboard.dir/src/FlightManager.cpp.o[0m
[ 55%] [32mBuilding CXX object CMakeFiles/multi_offboard.dir/src/main.cpp.o[0m
In file included from [01m[K/home/maybe/ros_ws/src/offboard/inc/FlightManager.hpp:9:0[m[K,
                 from [01m[K/home/maybe/ros_ws/src/offboard/src/FlightManager.cpp:5[m[K:
[01m[K/home/maybe/ros_ws/src/offboard/inc/Multi_formation.hpp:21:25:[m[K [01;35m[Kwarning: [m[Kdefaulted and deleted functions only available with -std=c++11 or -std=gnu++11
     ~MultiFormation() = default;
[01;32m[K                         ^[m[K
In file included from [01m[K/home/maybe/ros_ws/src/offboard/src/FlightManager.cpp:5:0[m[K:
[01m[K/home/maybe/ros_ws/src/offboard/inc/FlightManager.hpp:53:24:[m[K [01;35m[Kwarning: [m[Kdefaulted and deleted functions only available with -std=c++11 or -std=gnu++11
     ~FlightManager() = default;
[01;32m[K                        ^[m[K
In file included from [01m[K/home/maybe/ros_ws/src/offboard/inc/multi_offboard.hpp:18:0[m[K,
                 from [01m[K/home/maybe/ros_ws/src/offboard/src/multi_offboard.cpp:9[m[K:
[01m[K/home/maybe/ros_ws/src/offboard/inc/Multi_formation.hpp:21:25:[m[K [01;35m[Kwarning: [m[Kdefaulted and deleted functions only available with -std=c++11 or -std=gnu++11
     ~MultiFormation() = default;
[01;32m[K                         ^[m[K
In file included from [01m[K/home/maybe/ros_ws/src/offboard/inc/multi_offboard.hpp:19:0[m[K,
                 from [01m[K/home/maybe/ros_ws/src/offboard/src/multi_offboard.cpp:9[m[K:
[01m[K/home/maybe/ros_ws/src/offboard/inc/FlightManager.hpp:53:24:[m[K [01;35m[Kwarning: [m[Kdefaulted and deleted functions only available with -std=c++11 or -std=gnu++11
     ~FlightManager() = default;
[01;32m[K                        ^[m[K
In file included from [01m[K/home/maybe/ros_ws/src/offboard/src/multi_offboard.cpp:9:0[m[K:
[01m[K/home/maybe/ros_ws/src/offboard/inc/multi_offboard.hpp:39:24:[m[K [01;35m[Kwarning: [m[Kdefaulted and deleted functions only available with -std=c++11 or -std=gnu++11
     ~MultiOffboard() = default;
[01;32m[K                        ^[m[K
[01m[K/home/maybe/ros_ws/src/offboard/inc/multi_offboard.hpp:143:24:[m[K [01;35m[Kwarning: [m[Knon-static data member initializers only available with -std=c++11 or -std=gnu++11
     bool is_offboard = false;
[01;32m[K                        ^[m[K
[01m[K/home/maybe/ros_ws/src/offboard/inc/multi_offboard.hpp:144:21:[m[K [01;35m[Kwarning: [m[Knon-static data member initializers only available with -std=c++11 or -std=gnu++11
     bool is_armed = false;
[01;32m[K                     ^[m[K
[01m[K/home/maybe/ros_ws/src/offboard/inc/multi_offboard.hpp:145:22:[m[K [01;35m[Kwarning: [m[Knon-static data member initializers only available with -std=c++11 or -std=gnu++11
     bool usv_armed = false;
[01;32m[K                      ^[m[K
[01m[K/home/maybe/ros_ws/src/offboard/inc/multi_offboard.hpp:153:22:[m[K [01;35m[Kwarning: [m[Knon-static data member initializers only available with -std=c++11 or -std=gnu++11
     int uav_state_ = TAKEOFF;
[01;32m[K                      ^[m[K
[01m[K/home/maybe/ros_ws/src/offboard/inc/multi_offboard.hpp:154:22:[m[K [01;35m[Kwarning: [m[Knon-static data member initializers only available with -std=c++11 or -std=gnu++11
     int usv_state_ = USA_INIT;
[01;32m[K                      ^[m[K
[01m[K/home/maybe/ros_ws/src/offboard/inc/multi_offboard.hpp:159:26:[m[K [01;35m[Kwarning: [m[Knon-static data member initializers only available with -std=c++11 or -std=gnu++11
     bool usv5_reached_ = false;
[01;32m[K                          ^[m[K
[01m[K/home/maybe/ros_ws/src/offboard/inc/multi_offboard.hpp:160:26:[m[K [01;35m[Kwarning: [m[Knon-static data member initializers only available with -std=c++11 or -std=gnu++11
     bool usv6_reached_ = false;
[01;32m[K                          ^[m[K
[01m[K/home/maybe/ros_ws/src/offboard/inc/multi_offboard.hpp:161:26:[m[K [01;35m[Kwarning: [m[Knon-static data member initializers only available with -std=c++11 or -std=gnu++11
     bool usv7_reached_ = false;
[01;32m[K                          ^[m[K
In file included from [01m[K/home/maybe/ros_ws/src/offboard/inc/multi_offboard.hpp:18:0[m[K,
                 from [01m[K/home/maybe/ros_ws/src/offboard/src/main.cpp:5[m[K:
[01m[K/home/maybe/ros_ws/src/offboard/inc/Multi_formation.hpp:21:25:[m[K [01;35m[Kwarning: [m[Kdefaulted and deleted functions only available with -std=c++11 or -std=gnu++11
     ~MultiFormation() = default;
[01;32m[K                         ^[m[K
In file included from [01m[K/home/maybe/ros_ws/src/offboard/inc/multi_offboard.hpp:19:0[m[K,
                 from [01m[K/home/maybe/ros_ws/src/offboard/src/main.cpp:5[m[K:
[01m[K/home/maybe/ros_ws/src/offboard/inc/FlightManager.hpp:53:24:[m[K [01;35m[Kwarning: [m[Kdefaulted and deleted functions only available with -std=c++11 or -std=gnu++11
     ~FlightManager() = default;
[01;32m[K                        ^[m[K
In file included from [01m[K/home/maybe/ros_ws/src/offboard/src/main.cpp:5:0[m[K:
[01m[K/home/maybe/ros_ws/src/offboard/inc/multi_offboard.hpp:39:24:[m[K [01;35m[Kwarning: [m[Kdefaulted and deleted functions only available with -std=c++11 or -std=gnu++11
     ~MultiOffboard() = default;
[01;32m[K                        ^[m[K
[01m[K/home/maybe/ros_ws/src/offboard/inc/multi_offboard.hpp:143:24:[m[K [01;35m[Kwarning: [m[Knon-static data member initializers only available with -std=c++11 or -std=gnu++11
     bool is_offboard = false;
[01;32m[K                        ^[m[K
[01m[K/home/maybe/ros_ws/src/offboard/inc/multi_offboard.hpp:144:21:[m[K [01;35m[Kwarning: [m[Knon-static data member initializers only available with -std=c++11 or -std=gnu++11
     bool is_armed = false;
[01;32m[K                     ^[m[K
[01m[K/home/maybe/ros_ws/src/offboard/inc/multi_offboard.hpp:145:22:[m[K [01;35m[Kwarning: [m[Knon-static data member initializers only available with -std=c++11 or -std=gnu++11
     bool usv_armed = false;
[01;32m[K                      ^[m[K
[01m[K/home/maybe/ros_ws/src/offboard/inc/multi_offboard.hpp:153:22:[m[K [01;35m[Kwarning: [m[Knon-static data member initializers only available with -std=c++11 or -std=gnu++11
     int uav_state_ = TAKEOFF;
[01;32m[K                      ^[m[K
[01m[K/home/maybe/ros_ws/src/offboard/inc/multi_offboard.hpp:154:22:[m[K [01;35m[Kwarning: [m[Knon-static data member initializers only available with -std=c++11 or -std=gnu++11
     int usv_state_ = USA_INIT;
[01;32m[K                      ^[m[K
[01m[K/home/maybe/ros_ws/src/offboard/inc/multi_offboard.hpp:159:26:[m[K [01;35m[Kwarning: [m[Knon-static data member initializers only available with -std=c++11 or -std=gnu++11
     bool usv5_reached_ = false;
[01;32m[K                          ^[m[K
[01m[K/home/maybe/ros_ws/src/offboard/inc/multi_offboard.hpp:160:26:[m[K [01;35m[Kwarning: [m[Knon-static data member initializers only available with -std=c++11 or -std=gnu++11
     bool usv6_reached_ = false;
[01;32m[K                          ^[m[K
[01m[K/home/maybe/ros_ws/src/offboard/inc/multi_offboard.hpp:161:26:[m[K [01;35m[Kwarning: [m[Knon-static data member initializers only available with -std=c++11 or -std=gnu++11
     bool usv7_reached_ = false;
[01;32m[K                          ^[m[K
[ 66%] [32m[1mLinking CXX executable /home/maybe/ros_ws/devel/.private/offboard/lib/offboard/multi_offboard[0m
[100%] Built target multi_offboard
