[35m[1mScanning dependencies of target multi_offboard_lib[0m
[  9%] [32mBuilding CXX object CMakeFiles/multi_offboard_lib.dir/src/multi_offboard.cpp.o[0m
[35m[1mScanning dependencies of target offboard[0m
[ 18%] [32mBuilding CXX object CMakeFiles/offboard.dir/src/offboard.cpp.o[0m
In file included from [01m[K/home/maybe/my-profile/src/offboard/inc/multi_offboard.hpp:18:0[m[K,
                 from [01m[K/home/maybe/my-profile/src/offboard/src/multi_offboard.cpp:9[m[K:
[01m[K/home/maybe/my-profile/src/offboard/inc/Multi_formation.hpp:25:25:[m[K [01;35m[Kwarning: [m[Kdefaulted and deleted functions only available with -std=c++11 or -std=gnu++11
     ~MultiFormation() = default;
[01;32m[K                         ^[m[K
In file included from [01m[K/home/maybe/my-profile/src/offboard/inc/FlightManager.hpp:11:0[m[K,
                 from [01m[K/home/maybe/my-profile/src/offboard/inc/multi_offboard.hpp:19[m[K,
                 from [01m[K/home/maybe/my-profile/src/offboard/src/multi_offboard.cpp:9[m[K:
[01m[K/home/maybe/my-profile/src/offboard/inc/avoidance.hpp:15:19:[m[K [01;35m[Kwarning: [m[Kdefaulted and deleted functions only available with -std=c++11 or -std=gnu++11
     ~Avoidance()= default;
[01;32m[K                   ^[m[K
[01m[K/home/maybe/my-profile/src/offboard/inc/avoidance.hpp:40:38:[m[K [01;35m[Kwarning: [m[Knon-static data member initializers only available with -std=c++11 or -std=gnu++11
     multi_vehicle_vec multi_vehicle_{};
[01;32m[K                                      ^[m[K
[01m[K/home/maybe/my-profile/src/offboard/inc/avoidance.hpp:40:37:[m[K [01;35m[Kwarning: [m[Kextended initializer lists only available with -std=c++11 or -std=gnu++11
     multi_vehicle_vec multi_vehicle_{};
[01;32m[K                                     ^[m[K
[01m[K/home/maybe/my-profile/src/offboard/inc/avoidance.hpp:40:38:[m[K [01;35m[Kwarning: [m[Kextended initializer lists only available with -std=c++11 or -std=gnu++11
     multi_vehicle_vec multi_vehicle_{};
[01;32m[K                                      ^[m[K
In file included from [01m[K/home/maybe/my-profile/src/offboard/inc/multi_offboard.hpp:19:0[m[K,
                 from [01m[K/home/maybe/my-profile/src/offboard/src/multi_offboard.cpp:9[m[K:
[01m[K/home/maybe/my-profile/src/offboard/inc/FlightManager.hpp:28:24:[m[K [01;35m[Kwarning: [m[Kdefaulted and deleted functions only available with -std=c++11 or -std=gnu++11
     ~FlightManager() = default;
[01;32m[K                        ^[m[K
[01m[K/home/maybe/my-profile/src/offboard/inc/FlightManager.hpp:89:47:[m[K [01;35m[Kwarning: [m[Knon-static data member initializers only available with -std=c++11 or -std=gnu++11
     vector<M_Drone_Avoidace> drone_avoidance_{};
[01;32m[K                                               ^[m[K
[01m[K/home/maybe/my-profile/src/offboard/inc/FlightManager.hpp:89:46:[m[K [01;35m[Kwarning: [m[Kextended initializer lists only available with -std=c++11 or -std=gnu++11
     vector<M_Drone_Avoidace> drone_avoidance_{};
[01;32m[K                                              ^[m[K
[01m[K/home/maybe/my-profile/src/offboard/inc/FlightManager.hpp:89:47:[m[K [01;35m[Kwarning: [m[Kextended initializer lists only available with -std=c++11 or -std=gnu++11
     vector<M_Drone_Avoidace> drone_avoidance_{};
[01;32m[K                                               ^[m[K
In file included from [01m[K/home/maybe/my-profile/src/offboard/inc/multi_offboard.hpp:21:0[m[K,
                 from [01m[K/home/maybe/my-profile/src/offboard/src/multi_offboard.cpp:9[m[K:
[01m[K/home/maybe/my-profile/src/offboard/inc/PathCreator.hpp:24:22:[m[K [01;35m[Kwarning: [m[Kdefaulted and deleted functions only available with -std=c++11 or -std=gnu++11
     ~PathCreator() = default;
[01;32m[K                      ^[m[K
In file included from [01m[K/home/maybe/my-profile/src/offboard/src/multi_offboard.cpp:9:0[m[K:
[01m[K/home/maybe/my-profile/src/offboard/inc/multi_offboard.hpp:62:24:[m[K [01;35m[Kwarning: [m[Kdefaulted and deleted functions only available with -std=c++11 or -std=gnu++11
     ~MultiOffboard() = default;
[01;32m[K                        ^[m[K
[01m[K/home/maybe/my-profile/src/offboard/inc/multi_offboard.hpp:161:34:[m[K [01;35m[Kwarning: [m[Knon-static data member initializers only available with -std=c++11 or -std=gnu++11
     bool is_uav_formation_add_ = false;
[01;32m[K                                  ^[m[K
[01m[K/home/maybe/my-profile/src/offboard/inc/multi_offboard.hpp:173:45:[m[K [01;35m[Kwarning: [m[Knon-static data member initializers only available with -std=c++11 or -std=gnu++11
     vector<M_Drone_Avoidace> uav_avoidance_{};
[01;32m[K                                             ^[m[K
[01m[K/home/maybe/my-profile/src/offboard/inc/multi_offboard.hpp:173:44:[m[K [01;35m[Kwarning: [m[Kextended initializer lists only available with -std=c++11 or -std=gnu++11
     vector<M_Drone_Avoidace> uav_avoidance_{};
[01;32m[K                                            ^[m[K
[01m[K/home/maybe/my-profile/src/offboard/inc/multi_offboard.hpp:173:45:[m[K [01;35m[Kwarning: [m[Kextended initializer lists only available with -std=c++11 or -std=gnu++11
     vector<M_Drone_Avoidace> uav_avoidance_{};
[01;32m[K                                             ^[m[K
[01m[K/home/maybe/my-profile/src/offboard/src/multi_offboard.cpp:[m[K In constructor ‘[01m[KMultiOffboard::MultiOffboard()[m[K’:
[01m[K/home/maybe/my-profile/src/offboard/src/multi_offboard.cpp:14:22:[m[K [01;35m[Kwarning: [m[Kextended initializer lists only available with -std=c++11 or -std=gnu++11
         m_drone_uav1_{},
[01;32m[K                      ^[m[K
[01m[K/home/maybe/my-profile/src/offboard/src/multi_offboard.cpp:15:22:[m[K [01;35m[Kwarning: [m[Kextended initializer lists only available with -std=c++11 or -std=gnu++11
         m_drone_uav2_{},
[01;32m[K                      ^[m[K
[01m[K/home/maybe/my-profile/src/offboard/src/multi_offboard.cpp:16:22:[m[K [01;35m[Kwarning: [m[Kextended initializer lists only available with -std=c++11 or -std=gnu++11
         m_drone_uav3_{},
[01;32m[K                      ^[m[K
[01m[K/home/maybe/my-profile/src/offboard/src/multi_offboard.cpp:17:22:[m[K [01;35m[Kwarning: [m[Kextended initializer lists only available with -std=c++11 or -std=gnu++11
         m_drone_uav4_{},
[01;32m[K                      ^[m[K
[01m[K/home/maybe/my-profile/src/offboard/src/multi_offboard.cpp:18:22:[m[K [01;35m[Kwarning: [m[Kextended initializer lists only available with -std=c++11 or -std=gnu++11
         m_drone_uav5_{},
[01;32m[K                      ^[m[K
[01m[K/home/maybe/my-profile/src/offboard/src/multi_offboard.cpp:19:22:[m[K [01;35m[Kwarning: [m[Kextended initializer lists only available with -std=c++11 or -std=gnu++11
         m_drone_uav6_{},
[01;32m[K                      ^[m[K
[01m[K/home/maybe/my-profile/src/offboard/src/multi_offboard.cpp:20:22:[m[K [01;35m[Kwarning: [m[Kextended initializer lists only available with -std=c++11 or -std=gnu++11
         m_drone_uav7_{},
[01;32m[K                      ^[m[K
[01m[K/home/maybe/my-profile/src/offboard/src/multi_offboard.cpp:21:20:[m[K [01;35m[Kwarning: [m[Kextended initializer lists only available with -std=c++11 or -std=gnu++11
         drone_uav1_{},
[01;32m[K                    ^[m[K
[01m[K/home/maybe/my-profile/src/offboard/src/multi_offboard.cpp:22:20:[m[K [01;35m[Kwarning: [m[Kextended initializer lists only available with -std=c++11 or -std=gnu++11
         drone_uav2_{},
[01;32m[K                    ^[m[K
[01m[K/home/maybe/my-profile/src/offboard/src/multi_offboard.cpp:23:20:[m[K [01;35m[Kwarning: [m[Kextended initializer lists only available with -std=c++11 or -std=gnu++11
         drone_uav3_{},
[01;32m[K                    ^[m[K
[01m[K/home/maybe/my-profile/src/offboard/src/multi_offboard.cpp:24:20:[m[K [01;35m[Kwarning: [m[Kextended initializer lists only available with -std=c++11 or -std=gnu++11
         drone_uav4_{},
[01;32m[K                    ^[m[K
[01m[K/home/maybe/my-profile/src/offboard/src/multi_offboard.cpp:25:20:[m[K [01;35m[Kwarning: [m[Kextended initializer lists only available with -std=c++11 or -std=gnu++11
         drone_uav5_{},
[01;32m[K                    ^[m[K
[01m[K/home/maybe/my-profile/src/offboard/src/multi_offboard.cpp:26:20:[m[K [01;35m[Kwarning: [m[Kextended initializer lists only available with -std=c++11 or -std=gnu++11
         drone_uav6_{},
[01;32m[K                    ^[m[K
[01m[K/home/maybe/my-profile/src/offboard/src/multi_offboard.cpp:27:20:[m[K [01;35m[Kwarning: [m[Kextended initializer lists only available with -std=c++11 or -std=gnu++11
         drone_uav7_{},
[01;32m[K                    ^[m[K
[01m[K/home/maybe/my-profile/src/offboard/src/multi_offboard.cpp:28:26:[m[K [01;35m[Kwarning: [m[Kextended initializer lists only available with -std=c++11 or -std=gnu++11
         drone_uav_leader_{},
[01;32m[K                          ^[m[K
[01m[K/home/maybe/my-profile/src/offboard/src/multi_offboard.cpp:29:26:[m[K [01;35m[Kwarning: [m[Kextended initializer lists only available with -std=c++11 or -std=gnu++11
         drone_usv_leader_{},
[01;32m[K                          ^[m[K
[01m[K/home/maybe/my-profile/src/offboard/src/multi_offboard.cpp:41:26:[m[K [01;35m[Kwarning: [m[Kextended initializer lists only available with -std=c++11 or -std=gnu++11
         follow_uav1_keep_{},
[01;32m[K                          ^[m[K
[01m[K/home/maybe/my-profile/src/offboard/src/multi_offboard.cpp:42:26:[m[K [01;35m[Kwarning: [m[Kextended initializer lists only available with -std=c++11 or -std=gnu++11
         follow_uav2_keep_{},
[01;32m[K                          ^[m[K
[01m[K/home/maybe/my-profile/src/offboard/src/multi_offboard.cpp:43:26:[m[K [01;35m[Kwarning: [m[Kextended initializer lists only available with -std=c++11 or -std=gnu++11
         follow_uav3_keep_{},
[01;32m[K                          ^[m[K
[01m[K/home/maybe/my-profile/src/offboard/src/multi_offboard.cpp:44:26:[m[K [01;35m[Kwarning: [m[Kextended initializer lists only available with -std=c++11 or -std=gnu++11
         follow_uav4_keep_{}
[01;32m[K                          ^[m[K
[ 27%] [32m[1mLinking CXX executable /home/maybe/my-profile/devel/.private/offboard/lib/offboard/offboard[0m
[ 36%] [32mBuilding CXX object CMakeFiles/multi_offboard_lib.dir/src/PathCreator.cpp.o[0m
[ 36%] Built target offboard
[ 45%] [32mBuilding CXX object CMakeFiles/multi_offboard_lib.dir/src/FlightManager.cpp.o[0m
In file included from [01m[K/home/maybe/my-profile/src/offboard/inc/FlightManager.hpp:10:0[m[K,
                 from [01m[K/home/maybe/my-profile/src/offboard/src/FlightManager.cpp:5[m[K:
[01m[K/home/maybe/my-profile/src/offboard/inc/Multi_formation.hpp:25:25:[m[K [01;35m[Kwarning: [m[Kdefaulted and deleted functions only available with -std=c++11 or -std=gnu++11
     ~MultiFormation() = default;
[01;32m[K                         ^[m[K
In file included from [01m[K/home/maybe/my-profile/src/offboard/inc/FlightManager.hpp:11:0[m[K,
                 from [01m[K/home/maybe/my-profile/src/offboard/src/FlightManager.cpp:5[m[K:
[01m[K/home/maybe/my-profile/src/offboard/inc/avoidance.hpp:15:19:[m[K [01;35m[Kwarning: [m[Kdefaulted and deleted functions only available with -std=c++11 or -std=gnu++11
     ~Avoidance()= default;
[01;32m[K                   ^[m[K
[01m[K/home/maybe/my-profile/src/offboard/inc/avoidance.hpp:40:38:[m[K [01;35m[Kwarning: [m[Knon-static data member initializers only available with -std=c++11 or -std=gnu++11
     multi_vehicle_vec multi_vehicle_{};
[01;32m[K                                      ^[m[K
[01m[K/home/maybe/my-profile/src/offboard/inc/avoidance.hpp:40:37:[m[K [01;35m[Kwarning: [m[Kextended initializer lists only available with -std=c++11 or -std=gnu++11
     multi_vehicle_vec multi_vehicle_{};
[01;32m[K                                     ^[m[K
[01m[K/home/maybe/my-profile/src/offboard/inc/avoidance.hpp:40:38:[m[K [01;35m[Kwarning: [m[Kextended initializer lists only available with -std=c++11 or -std=gnu++11
     multi_vehicle_vec multi_vehicle_{};
[01;32m[K                                      ^[m[K
In file included from [01m[K/home/maybe/my-profile/src/offboard/src/FlightManager.cpp:5:0[m[K:
[01m[K/home/maybe/my-profile/src/offboard/inc/FlightManager.hpp:28:24:[m[K [01;35m[Kwarning: [m[Kdefaulted and deleted functions only available with -std=c++11 or -std=gnu++11
     ~FlightManager() = default;
[01;32m[K                        ^[m[K
[01m[K/home/maybe/my-profile/src/offboard/inc/FlightManager.hpp:89:47:[m[K [01;35m[Kwarning: [m[Knon-static data member initializers only available with -std=c++11 or -std=gnu++11
     vector<M_Drone_Avoidace> drone_avoidance_{};
[01;32m[K                                               ^[m[K
[01m[K/home/maybe/my-profile/src/offboard/inc/FlightManager.hpp:89:46:[m[K [01;35m[Kwarning: [m[Kextended initializer lists only available with -std=c++11 or -std=gnu++11
     vector<M_Drone_Avoidace> drone_avoidance_{};
[01;32m[K                                              ^[m[K
[01m[K/home/maybe/my-profile/src/offboard/inc/FlightManager.hpp:89:47:[m[K [01;35m[Kwarning: [m[Kextended initializer lists only available with -std=c++11 or -std=gnu++11
     vector<M_Drone_Avoidace> drone_avoidance_{};
[01;32m[K                                               ^[m[K
In file included from [01m[K/home/maybe/my-profile/src/offboard/src/PathCreator.cpp:5:0[m[K:
[01m[K/home/maybe/my-profile/src/offboard/inc/PathCreator.hpp:24:22:[m[K [01;35m[Kwarning: [m[Kdefaulted and deleted functions only available with -std=c++11 or -std=gnu++11
     ~PathCreator() = default;
[01;32m[K                      ^[m[K
[01m[K/home/maybe/my-profile/src/offboard/src/FlightManager.cpp:[m[K In constructor ‘[01m[KFlightManager::FlightManager()[m[K’:
[01m[K/home/maybe/my-profile/src/offboard/src/FlightManager.cpp:10:30:[m[K [01;35m[Kwarning: [m[Kextended initializer lists only available with -std=c++11 or -std=gnu++11
                 leader_drone_{},
[01;32m[K                              ^[m[K
[01m[K/home/maybe/my-profile/src/offboard/src/FlightManager.cpp:13:34:[m[K [01;35m[Kwarning: [m[Kextended initializer lists only available with -std=c++11 or -std=gnu++11
                 follow_uav1_keep_{},
[01;32m[K                                  ^[m[K
[01m[K/home/maybe/my-profile/src/offboard/src/FlightManager.cpp:14:34:[m[K [01;35m[Kwarning: [m[Kextended initializer lists only available with -std=c++11 or -std=gnu++11
                 follow_uav2_keep_{},
[01;32m[K                                  ^[m[K
[01m[K/home/maybe/my-profile/src/offboard/src/FlightManager.cpp:15:34:[m[K [01;35m[Kwarning: [m[Kextended initializer lists only available with -std=c++11 or -std=gnu++11
                 follow_uav3_keep_{},
[01;32m[K                                  ^[m[K
[01m[K/home/maybe/my-profile/src/offboard/src/FlightManager.cpp:16:34:[m[K [01;35m[Kwarning: [m[Kextended initializer lists only available with -std=c++11 or -std=gnu++11
                 follow_uav4_keep_{}
[01;32m[K                                  ^[m[K
[01m[K/home/maybe/my-profile/src/offboard/src/FlightManager.cpp:[m[K In member function ‘[01m[Kvoid FlightManager::OnInit(int)[m[K’:
[01m[K/home/maybe/my-profile/src/offboard/src/FlightManager.cpp:171:41:[m[K [01;35m[Kwarning: [m[Kextended initializer lists only available with -std=c++11 or -std=gnu++11
                 follow_uav1_keep_ = {0,0};
[01;32m[K                                         ^[m[K
[01m[K/home/maybe/my-profile/src/offboard/src/FlightManager.cpp:171:35:[m[K [01;35m[Kwarning: [m[Kextended initializer lists only available with -std=c++11 or -std=gnu++11
                 follow_uav1_keep_ = {0,0};
[01;32m[K                                   ^[m[K
[01m[K/home/maybe/my-profile/src/offboard/src/FlightManager.cpp:224:41:[m[K [01;35m[Kwarning: [m[Kextended initializer lists only available with -std=c++11 or -std=gnu++11
                 follow_uav1_keep_ = {0,0};
[01;32m[K                                         ^[m[K
[01m[K/home/maybe/my-profile/src/offboard/src/FlightManager.cpp:224:35:[m[K [01;35m[Kwarning: [m[Kextended initializer lists only available with -std=c++11 or -std=gnu++11
                 follow_uav1_keep_ = {0,0};
[01;32m[K                                   ^[m[K
[01m[K/home/maybe/my-profile/src/offboard/src/FlightManager.cpp:275:41:[m[K [01;35m[Kwarning: [m[Kextended initializer lists only available with -std=c++11 or -std=gnu++11
                 follow_uav1_keep_ = {0,0};
[01;32m[K                                         ^[m[K
[01m[K/home/maybe/my-profile/src/offboard/src/FlightManager.cpp:275:35:[m[K [01;35m[Kwarning: [m[Kextended initializer lists only available with -std=c++11 or -std=gnu++11
                 follow_uav1_keep_ = {0,0};
[01;32m[K                                   ^[m[K
[01m[K/home/maybe/my-profile/src/offboard/src/FlightManager.cpp:319:41:[m[K [01;35m[Kwarning: [m[Kextended initializer lists only available with -std=c++11 or -std=gnu++11
                 follow_uav1_keep_ = {0,0};
[01;32m[K                                         ^[m[K
[01m[K/home/maybe/my-profile/src/offboard/src/FlightManager.cpp:319:35:[m[K [01;35m[Kwarning: [m[Kextended initializer lists only available with -std=c++11 or -std=gnu++11
                 follow_uav1_keep_ = {0,0};
[01;32m[K                                   ^[m[K
[ 54%] [32mBuilding CXX object CMakeFiles/multi_offboard_lib.dir/src/avoidance.cpp.o[0m
In file included from [01m[K/home/maybe/my-profile/src/offboard/inc/avoidance.hpp:9:0[m[K,
                 from [01m[K/home/maybe/my-profile/src/offboard/src/avoidance.cpp:5[m[K:
[01m[K/home/maybe/my-profile/src/offboard/inc/Multi_formation.hpp:25:25:[m[K [01;35m[Kwarning: [m[Kdefaulted and deleted functions only available with -std=c++11 or -std=gnu++11
     ~MultiFormation() = default;
[01;32m[K                         ^[m[K
In file included from [01m[K/home/maybe/my-profile/src/offboard/src/avoidance.cpp:5:0[m[K:
[01m[K/home/maybe/my-profile/src/offboard/inc/avoidance.hpp:15:19:[m[K [01;35m[Kwarning: [m[Kdefaulted and deleted functions only available with -std=c++11 or -std=gnu++11
     ~Avoidance()= default;
[01;32m[K                   ^[m[K
[01m[K/home/maybe/my-profile/src/offboard/inc/avoidance.hpp:40:38:[m[K [01;35m[Kwarning: [m[Knon-static data member initializers only available with -std=c++11 or -std=gnu++11
     multi_vehicle_vec multi_vehicle_{};
[01;32m[K                                      ^[m[K
[01m[K/home/maybe/my-profile/src/offboard/inc/avoidance.hpp:40:37:[m[K [01;35m[Kwarning: [m[Kextended initializer lists only available with -std=c++11 or -std=gnu++11
     multi_vehicle_vec multi_vehicle_{};
[01;32m[K                                     ^[m[K
[01m[K/home/maybe/my-profile/src/offboard/inc/avoidance.hpp:40:38:[m[K [01;35m[Kwarning: [m[Kextended initializer lists only available with -std=c++11 or -std=gnu++11
     multi_vehicle_vec multi_vehicle_{};
[01;32m[K                                      ^[m[K
[01m[K/home/maybe/my-profile/src/offboard/src/avoidance.cpp:[m[K In constructor ‘[01m[KAvoidance::Avoidance()[m[K’:
[01m[K/home/maybe/my-profile/src/offboard/src/avoidance.cpp:11:31:[m[K [01;35m[Kwarning: [m[Kextended initializer lists only available with -std=c++11 or -std=gnu++11
         height_avoidance_uav1_{},
[01;32m[K                               ^[m[K
[01m[K/home/maybe/my-profile/src/offboard/src/avoidance.cpp:12:31:[m[K [01;35m[Kwarning: [m[Kextended initializer lists only available with -std=c++11 or -std=gnu++11
         height_avoidance_uav2_{},
[01;32m[K                               ^[m[K
[01m[K/home/maybe/my-profile/src/offboard/src/avoidance.cpp:13:31:[m[K [01;35m[Kwarning: [m[Kextended initializer lists only available with -std=c++11 or -std=gnu++11
         height_avoidance_uav3_{},
[01;32m[K                               ^[m[K
[01m[K/home/maybe/my-profile/src/offboard/src/avoidance.cpp:14:31:[m[K [01;35m[Kwarning: [m[Kextended initializer lists only available with -std=c++11 or -std=gnu++11
         height_avoidance_uav4_{}{
[01;32m[K                               ^[m[K
[ 63%] [32mBuilding CXX object CMakeFiles/multi_offboard_lib.dir/src/Multi_formation.cpp.o[0m
In file included from [01m[K/home/maybe/my-profile/src/offboard/src/Multi_formation.cpp:6:0[m[K:
[01m[K/home/maybe/my-profile/src/offboard/inc/Multi_formation.hpp:25:25:[m[K [01;35m[Kwarning: [m[Kdefaulted and deleted functions only available with -std=c++11 or -std=gnu++11
     ~MultiFormation() = default;
[01;32m[K                         ^[m[K
[ 72%] [32mBuilding CXX object CMakeFiles/multi_offboard_lib.dir/src/util.cpp.o[0m
[ 81%] [32m[1mLinking CXX static library /home/maybe/my-profile/devel/.private/offboard/lib/libmulti_offboard_lib.a[0m
[ 81%] Built target multi_offboard_lib
[35m[1mScanning dependencies of target multi_offboard[0m
[ 90%] [32mBuilding CXX object CMakeFiles/multi_offboard.dir/src/main.cpp.o[0m
In file included from [01m[K/home/maybe/my-profile/src/offboard/inc/multi_offboard.hpp:18:0[m[K,
                 from [01m[K/home/maybe/my-profile/src/offboard/src/main.cpp:5[m[K:
[01m[K/home/maybe/my-profile/src/offboard/inc/Multi_formation.hpp:25:25:[m[K [01;35m[Kwarning: [m[Kdefaulted and deleted functions only available with -std=c++11 or -std=gnu++11
     ~MultiFormation() = default;
[01;32m[K                         ^[m[K
In file included from [01m[K/home/maybe/my-profile/src/offboard/inc/FlightManager.hpp:11:0[m[K,
                 from [01m[K/home/maybe/my-profile/src/offboard/inc/multi_offboard.hpp:19[m[K,
                 from [01m[K/home/maybe/my-profile/src/offboard/src/main.cpp:5[m[K:
[01m[K/home/maybe/my-profile/src/offboard/inc/avoidance.hpp:15:19:[m[K [01;35m[Kwarning: [m[Kdefaulted and deleted functions only available with -std=c++11 or -std=gnu++11
     ~Avoidance()= default;
[01;32m[K                   ^[m[K
[01m[K/home/maybe/my-profile/src/offboard/inc/avoidance.hpp:40:38:[m[K [01;35m[Kwarning: [m[Knon-static data member initializers only available with -std=c++11 or -std=gnu++11
     multi_vehicle_vec multi_vehicle_{};
[01;32m[K                                      ^[m[K
[01m[K/home/maybe/my-profile/src/offboard/inc/avoidance.hpp:40:37:[m[K [01;35m[Kwarning: [m[Kextended initializer lists only available with -std=c++11 or -std=gnu++11
     multi_vehicle_vec multi_vehicle_{};
[01;32m[K                                     ^[m[K
[01m[K/home/maybe/my-profile/src/offboard/inc/avoidance.hpp:40:38:[m[K [01;35m[Kwarning: [m[Kextended initializer lists only available with -std=c++11 or -std=gnu++11
     multi_vehicle_vec multi_vehicle_{};
[01;32m[K                                      ^[m[K
In file included from [01m[K/home/maybe/my-profile/src/offboard/inc/multi_offboard.hpp:19:0[m[K,
                 from [01m[K/home/maybe/my-profile/src/offboard/src/main.cpp:5[m[K:
[01m[K/home/maybe/my-profile/src/offboard/inc/FlightManager.hpp:28:24:[m[K [01;35m[Kwarning: [m[Kdefaulted and deleted functions only available with -std=c++11 or -std=gnu++11
     ~FlightManager() = default;
[01;32m[K                        ^[m[K
[01m[K/home/maybe/my-profile/src/offboard/inc/FlightManager.hpp:89:47:[m[K [01;35m[Kwarning: [m[Knon-static data member initializers only available with -std=c++11 or -std=gnu++11
     vector<M_Drone_Avoidace> drone_avoidance_{};
[01;32m[K                                               ^[m[K
[01m[K/home/maybe/my-profile/src/offboard/inc/FlightManager.hpp:89:46:[m[K [01;35m[Kwarning: [m[Kextended initializer lists only available with -std=c++11 or -std=gnu++11
     vector<M_Drone_Avoidace> drone_avoidance_{};
[01;32m[K                                              ^[m[K
[01m[K/home/maybe/my-profile/src/offboard/inc/FlightManager.hpp:89:47:[m[K [01;35m[Kwarning: [m[Kextended initializer lists only available with -std=c++11 or -std=gnu++11
     vector<M_Drone_Avoidace> drone_avoidance_{};
[01;32m[K                                               ^[m[K
In file included from [01m[K/home/maybe/my-profile/src/offboard/inc/multi_offboard.hpp:21:0[m[K,
                 from [01m[K/home/maybe/my-profile/src/offboard/src/main.cpp:5[m[K:
[01m[K/home/maybe/my-profile/src/offboard/inc/PathCreator.hpp:24:22:[m[K [01;35m[Kwarning: [m[Kdefaulted and deleted functions only available with -std=c++11 or -std=gnu++11
     ~PathCreator() = default;
[01;32m[K                      ^[m[K
In file included from [01m[K/home/maybe/my-profile/src/offboard/src/main.cpp:5:0[m[K:
[01m[K/home/maybe/my-profile/src/offboard/inc/multi_offboard.hpp:62:24:[m[K [01;35m[Kwarning: [m[Kdefaulted and deleted functions only available with -std=c++11 or -std=gnu++11
     ~MultiOffboard() = default;
[01;32m[K                        ^[m[K
[01m[K/home/maybe/my-profile/src/offboard/inc/multi_offboard.hpp:161:34:[m[K [01;35m[Kwarning: [m[Knon-static data member initializers only available with -std=c++11 or -std=gnu++11
     bool is_uav_formation_add_ = false;
[01;32m[K                                  ^[m[K
[01m[K/home/maybe/my-profile/src/offboard/inc/multi_offboard.hpp:173:45:[m[K [01;35m[Kwarning: [m[Knon-static data member initializers only available with -std=c++11 or -std=gnu++11
     vector<M_Drone_Avoidace> uav_avoidance_{};
[01;32m[K                                             ^[m[K
[01m[K/home/maybe/my-profile/src/offboard/inc/multi_offboard.hpp:173:44:[m[K [01;35m[Kwarning: [m[Kextended initializer lists only available with -std=c++11 or -std=gnu++11
     vector<M_Drone_Avoidace> uav_avoidance_{};
[01;32m[K                                            ^[m[K
[01m[K/home/maybe/my-profile/src/offboard/inc/multi_offboard.hpp:173:45:[m[K [01;35m[Kwarning: [m[Kextended initializer lists only available with -std=c++11 or -std=gnu++11
     vector<M_Drone_Avoidace> uav_avoidance_{};
[01;32m[K                                             ^[m[K
[100%] [32m[1mLinking CXX executable /home/maybe/my-profile/devel/.private/offboard/lib/offboard/multi_offboard[0m
[100%] Built target multi_offboard
