[01m[K/home/maybe/ros_ws/src/four_offboard/src/four_uav_offboard.cpp:[m[K In function ‘[01m[Kvoid uav1_state_cb(const ConstPtr&)[m[K’:
[01m[K/home/maybe/ros_ws/src/four_offboard/src/four_uav_offboard.cpp:17:5:[m[K [01;31m[Kerror: [m[K‘[01m[Kuav1_current_state[m[K’ was not declared in this scope
     uav1_current_state = *msg;
[01;32m[K     ^[m[K
[01m[K/home/maybe/ros_ws/src/four_offboard/src/four_uav_offboard.cpp:[m[K In function ‘[01m[Kvoid uav2_state_cb(const ConstPtr&)[m[K’:
[01m[K/home/maybe/ros_ws/src/four_offboard/src/four_uav_offboard.cpp:21:5:[m[K [01;31m[Kerror: [m[K‘[01m[Kuav2_current_state[m[K’ was not declared in this scope
     uav2_current_state = *msg;
[01;32m[K     ^[m[K
[01m[K/home/maybe/ros_ws/src/four_offboard/src/four_uav_offboard.cpp:[m[K In function ‘[01m[Kvoid uav3_state_cb(const ConstPtr&)[m[K’:
[01m[K/home/maybe/ros_ws/src/four_offboard/src/four_uav_offboard.cpp:25:5:[m[K [01;31m[Kerror: [m[K‘[01m[Kuav3_current_state[m[K’ was not declared in this scope
     uav3_current_state = *msg;
[01;32m[K     ^[m[K
[01m[K/home/maybe/ros_ws/src/four_offboard/src/four_uav_offboard.cpp:[m[K In function ‘[01m[Kvoid uav4_state_cb(const ConstPtr&)[m[K’:
[01m[K/home/maybe/ros_ws/src/four_offboard/src/four_uav_offboard.cpp:29:5:[m[K [01;31m[Kerror: [m[K‘[01m[Kuav4_current_state[m[K’ was not declared in this scope
     uav4_current_state = *msg;
[01;32m[K     ^[m[K
[01m[K/home/maybe/ros_ws/src/four_offboard/src/four_uav_offboard.cpp:[m[K In function ‘[01m[Kvoid vrf_hud_cb(const ConstPtr&)[m[K’:
[01m[K/home/maybe/ros_ws/src/four_offboard/src/four_uav_offboard.cpp:33:5:[m[K [01;31m[Kerror: [m[K‘[01m[Kcurrent_vfr_hud[m[K’ was not declared in this scope
     current_vfr_hud = *msg;
[01;32m[K     ^[m[K
[01m[K/home/maybe/ros_ws/src/four_offboard/src/four_uav_offboard.cpp:[m[K In function ‘[01m[Kvoid uav1_local_pos_cb(const ConstPtr&)[m[K’:
[01m[K/home/maybe/ros_ws/src/four_offboard/src/four_uav_offboard.cpp:41:5:[m[K [01;31m[Kerror: [m[K‘[01m[Kcurr_altitude[m[K’ was not declared in this scope
     curr_altitude = uav1_current_local_pos.pose.position.z;
[01;32m[K     ^[m[K
[01m[K/home/maybe/ros_ws/src/four_offboard/src/four_uav_offboard.cpp:[m[K In function ‘[01m[Kvoid uav2_local_pos_cb(const ConstPtr&)[m[K’:
[01m[K/home/maybe/ros_ws/src/four_offboard/src/four_uav_offboard.cpp:48:5:[m[K [01;31m[Kerror: [m[K‘[01m[Kcurr_altitude[m[K’ was not declared in this scope
     curr_altitude = uav2_current_local_pos.pose.position.z;
[01;32m[K     ^[m[K
[01m[K/home/maybe/ros_ws/src/four_offboard/src/four_uav_offboard.cpp:[m[K In function ‘[01m[Kvoid uav3_local_pos_cb(const ConstPtr&)[m[K’:
[01m[K/home/maybe/ros_ws/src/four_offboard/src/four_uav_offboard.cpp:55:5:[m[K [01;31m[Kerror: [m[K‘[01m[Kcurr_altitude[m[K’ was not declared in this scope
     curr_altitude = uav3_current_local_pos.pose.position.z;
[01;32m[K     ^[m[K
[01m[K/home/maybe/ros_ws/src/four_offboard/src/four_uav_offboard.cpp:[m[K In function ‘[01m[Kvoid uav4_local_pos_cb(const ConstPtr&)[m[K’:
[01m[K/home/maybe/ros_ws/src/four_offboard/src/four_uav_offboard.cpp:62:5:[m[K [01;31m[Kerror: [m[K‘[01m[Kcurr_altitude[m[K’ was not declared in this scope
     curr_altitude = uav4_current_local_pos.pose.position.z;
[01;32m[K     ^[m[K
[01m[K/home/maybe/ros_ws/src/four_offboard/src/four_uav_offboard.cpp:[m[K In function ‘[01m[Kint main(int, char**)[m[K’:
[01m[K/home/maybe/ros_ws/src/four_offboard/src/four_uav_offboard.cpp:86:21:[m[K [01;31m[Kerror: [m[Kredeclaration of ‘[01m[Kros::Subscriber uav1_state_sub[m[K’
     ros::Subscriber uav1_state_sub = nh.subscribe<mavros_msgs::State>
[01;32m[K                     ^[m[K
[01m[K/home/maybe/ros_ws/src/four_offboard/src/four_uav_offboard.cpp:80:21:[m[K [01;36m[Knote: [m[K‘[01m[Kros::Subscriber uav1_state_sub[m[K’ previously declared here
     ros::Subscriber uav1_state_sub = nh.subscribe<mavros_msgs::State>
[01;32m[K                     ^[m[K
[01m[K/home/maybe/ros_ws/src/four_offboard/src/four_uav_offboard.cpp:128:72:[m[K [01;31m[Kerror: [m[Kinvalid use of ‘[01m[Kthis[m[K’ in non-member function
             ("uav3/mavros/local_position/pose", 10, uav3_local_pos_cb, this);
[01;32m[K                                                                        ^[m[K
[01m[K/home/maybe/ros_ws/src/four_offboard/src/four_uav_offboard.cpp:137:72:[m[K [01;31m[Kerror: [m[Kinvalid use of ‘[01m[Kthis[m[K’ in non-member function
             ("uav4/mavros/local_position/pose", 10, uav4_local_pos_cb, this);
[01;32m[K                                                                        ^[m[K
[01m[K/home/maybe/ros_ws/src/four_offboard/src/four_uav_offboard.cpp:162:25:[m[K [01;31m[Kerror: [m[K‘[01m[Kuav1_current_state[m[K’ was not declared in this scope
     while(ros::ok() && !uav1_current_state.connected && !uav2_current_state.connected && !uav3_current_state.connected && !uav4_current_state.connected){
[01;32m[K                         ^[m[K
[01m[K/home/maybe/ros_ws/src/four_offboard/src/four_uav_offboard.cpp:162:58:[m[K [01;31m[Kerror: [m[K‘[01m[Kuav2_current_state[m[K’ was not declared in this scope
     while(ros::ok() && !uav1_current_state.connected && !uav2_current_state.connected && !uav3_current_state.connected && !uav4_current_state.connected){
[01;32m[K                                                          ^[m[K
[01m[K/home/maybe/ros_ws/src/four_offboard/src/four_uav_offboard.cpp:162:91:[m[K [01;31m[Kerror: [m[K‘[01m[Kuav3_current_state[m[K’ was not declared in this scope
     while(ros::ok() && !uav1_current_state.connected && !uav2_current_state.connected && !uav3_current_state.connected && !uav4_current_state.connected){
[01;32m[K                                                                                           ^[m[K
[01m[K/home/maybe/ros_ws/src/four_offboard/src/four_uav_offboard.cpp:162:124:[m[K [01;31m[Kerror: [m[K‘[01m[Kuav4_current_state[m[K’ was not declared in this scope
     while(ros::ok() && !uav1_current_state.connected && !uav2_current_state.connected && !uav3_current_state.connected && !uav4_current_state.connected){
[01;32m[K                                                                                                                            ^[m[K
[01m[K/home/maybe/ros_ws/src/four_offboard/src/four_uav_offboard.cpp:243:14:[m[K [01;31m[Kerror: [m[K‘[01m[Kuav1_current_state[m[K’ was not declared in this scope
         if( (uav1_current_state.mode != "OFFBOARD" || uav2_current_state.mode != "OFFBOARD"
[01;32m[K              ^[m[K
[01m[K/home/maybe/ros_ws/src/four_offboard/src/four_uav_offboard.cpp:243:55:[m[K [01;31m[Kerror: [m[K‘[01m[Kuav2_current_state[m[K’ was not declared in this scope
         if( (uav1_current_state.mode != "OFFBOARD" || uav2_current_state.mode != "OFFBOARD"
[01;32m[K                                                       ^[m[K
[01m[K/home/maybe/ros_ws/src/four_offboard/src/four_uav_offboard.cpp:244:18:[m[K [01;31m[Kerror: [m[K‘[01m[Kuav3_current_state[m[K’ was not declared in this scope
               || uav3_current_state.mode != "OFFBOARD" || uav4_current_state.mode != "OFFBOARD")
[01;32m[K                  ^[m[K
[01m[K/home/maybe/ros_ws/src/four_offboard/src/four_uav_offboard.cpp:244:59:[m[K [01;31m[Kerror: [m[K‘[01m[Kuav4_current_state[m[K’ was not declared in this scope
               || uav3_current_state.mode != "OFFBOARD" || uav4_current_state.mode != "OFFBOARD")
[01;32m[K                                                           ^[m[K
[01m[K/home/maybe/ros_ws/src/four_offboard/src/four_uav_offboard.cpp:249:17:[m[K [01;31m[Kerror: [m[Kexpected ‘[01m[K;[m[K’ before ‘[01m[Kuav3_set_mode_client[m[K’
                 uav3_set_mode_client.call(offb_set_mode)
[01;32m[K                 ^[m[K
[01m[K/home/maybe/ros_ws/src/four_offboard/src/four_uav_offboard.cpp:295:1:[m[K [01;31m[Kerror: [m[Kexpected ‘[01m[K}[m[K’ at end of input
 }
[01;32m[K ^[m[K
[01m[K/home/maybe/ros_ws/src/four_offboard/src/four_uav_offboard.cpp:295:1:[m[K [01;31m[Kerror: [m[Kexpected ‘[01m[K}[m[K’ at end of input
[01m[K/home/maybe/ros_ws/src/four_offboard/src/four_uav_offboard.cpp:295:1:[m[K [01;31m[Kerror: [m[Kexpected ‘[01m[K}[m[K’ at end of input
[01m[K/home/maybe/ros_ws/src/four_offboard/src/four_uav_offboard.cpp:295:1:[m[K [01;31m[Kerror: [m[Kexpected ‘[01m[K}[m[K’ at end of input
make[2]: *** [CMakeFiles/four_offboard.dir/src/four_uav_offboard.cpp.o] Error 1
make[1]: *** [CMakeFiles/four_offboard.dir/all] Error 2
make: *** [all] Error 2
