Determining if the pthread_create exist failed with the following output:
Change Dir: /home/maybe/ros_ws/build/four_offboard/CMakeFiles/CMakeTmp

Run Build Command:"/usr/bin/make" "cmTC_8539e/fast"
/usr/bin/make -f CMakeFiles/cmTC_8539e.dir/build.make CMakeFiles/cmTC_8539e.dir/build
make[1]: Entering directory '/home/maybe/ros_ws/build/four_offboard/CMakeFiles/CMakeTmp'
Building C object CMakeFiles/cmTC_8539e.dir/CheckSymbolExists.c.o
/usr/bin/cc     -o CMakeFiles/cmTC_8539e.dir/CheckSymbolExists.c.o   -c /home/maybe/ros_ws/build/four_offboard/CMakeFiles/CMakeTmp/CheckSymbolExists.c
Linking C executable cmTC_8539e
/usr/bin/cmake -E cmake_link_script CMakeFiles/cmTC_8539e.dir/link.txt --verbose=1
/usr/bin/cc       CMakeFiles/cmTC_8539e.dir/CheckSymbolExists.c.o  -o cmTC_8539e -rdynamic 
CMakeFiles/cmTC_8539e.dir/CheckSymbolExists.c.o: In function `main':
CheckSymbolExists.c:(.text+0x16): undefined reference to `pthread_create'
collect2: error: ld returned 1 exit status
CMakeFiles/cmTC_8539e.dir/build.make:97: recipe for target 'cmTC_8539e' failed
make[1]: *** [cmTC_8539e] Error 1
make[1]: Leaving directory '/home/maybe/ros_ws/build/four_offboard/CMakeFiles/CMakeTmp'
Makefile:126: recipe for target 'cmTC_8539e/fast' failed
make: *** [cmTC_8539e/fast] Error 2

File /home/maybe/ros_ws/build/four_offboard/CMakeFiles/CMakeTmp/CheckSymbolExists.c:
/* */
#include <pthread.h>

int main(int argc, char** argv)
{
  (void)argv;
#ifndef pthread_create
  return ((int*)(&pthread_create))[argc];
#else
  (void)argc;
  return 0;
#endif
}

Determining if the function pthread_create exists in the pthreads failed with the following output:
Change Dir: /home/maybe/ros_ws/build/four_offboard/CMakeFiles/CMakeTmp

Run Build Command:"/usr/bin/make" "cmTC_ab94b/fast"
/usr/bin/make -f CMakeFiles/cmTC_ab94b.dir/build.make CMakeFiles/cmTC_ab94b.dir/build
make[1]: Entering directory '/home/maybe/ros_ws/build/four_offboard/CMakeFiles/CMakeTmp'
Building C object CMakeFiles/cmTC_ab94b.dir/CheckFunctionExists.c.o
/usr/bin/cc    -DCHECK_FUNCTION_EXISTS=pthread_create   -o CMakeFiles/cmTC_ab94b.dir/CheckFunctionExists.c.o   -c /usr/share/cmake-3.5/Modules/CheckFunctionExists.c
Linking C executable cmTC_ab94b
/usr/bin/cmake -E cmake_link_script CMakeFiles/cmTC_ab94b.dir/link.txt --verbose=1
/usr/bin/cc   -DCHECK_FUNCTION_EXISTS=pthread_create    CMakeFiles/cmTC_ab94b.dir/CheckFunctionExists.c.o  -o cmTC_ab94b -rdynamic -lpthreads 
/usr/bin/ld: cannot find -lpthreads
collect2: error: ld returned 1 exit status
CMakeFiles/cmTC_ab94b.dir/build.make:97: recipe for target 'cmTC_ab94b' failed
make[1]: *** [cmTC_ab94b] Error 1
make[1]: Leaving directory '/home/maybe/ros_ws/build/four_offboard/CMakeFiles/CMakeTmp'
Makefile:126: recipe for target 'cmTC_ab94b/fast' failed
make: *** [cmTC_ab94b/fast] Error 2


